This file contains any messages produced by compilers while
running configure, to aid debugging if configure makes a mistake.

It was created by hashids.c configure 1.0, which was
generated by GNU Autoconf 2.69.  Invocation command line was

  $ ./configure --no-create --no-recursion

## --------- ##
## Platform. ##
## --------- ##

hostname = yosemite.local
uname -m = x86_64
uname -r = 15.3.0
uname -s = Darwin
uname -v = Darwin Kernel Version 15.3.0: Thu Dec 10 18:40:58 PST 2015; root:xnu-3248.30.4~1/RELEASE_X86_64

/usr/bin/uname -p = i386
/bin/uname -X     = unknown

/bin/arch              = unknown
/usr/bin/arch -k       = unknown
/usr/convex/getsysinfo = unknown
/usr/bin/hostinfo      = Mach kernel version:
	 Darwin Kernel Version 15.3.0: Thu Dec 10 18:40:58 PST 2015; root:xnu-3248.30.4~1/RELEASE_X86_64
Kernel configured for up to 4 processors.
2 processors are physically available.
4 processors are logically available.
Processor type: x86_64h (Intel x86-64h Haswell)
Processors active: 0 1 2 3
Primary memory available: 4.00 gigabytes
Default processor set: 229 tasks, 993 threads, 4 processors
Load average: 1.20, Mach factor: 2.79
/bin/machine           = unknown
/usr/bin/oslevel       = unknown
/bin/universe          = unknown

PATH: /Users/amit/anaconda/bin
PATH: /Users/amit/Library/Python/2.7/bin
PATH: /usr/local/bin
PATH: /usr/bin
PATH: /bin
PATH: /usr/sbin
PATH: /sbin


## ----------- ##
## Core tests. ##
## ----------- ##

configure:2163: checking for a BSD-compatible install
configure:2231: result: /usr/bin/install -c
configure:2242: checking whether build environment is sane
configure:2297: result: yes
configure:2448: checking for a thread-safe mkdir -p
configure:2487: result: ./install-sh -c -d
configure:2494: checking for gawk
configure:2524: result: no
configure:2494: checking for mawk
configure:2524: result: no
configure:2494: checking for nawk
configure:2524: result: no
configure:2494: checking for awk
configure:2510: found /usr/bin/awk
configure:2521: result: awk
configure:2532: checking whether make sets $(MAKE)
configure:2554: result: yes
configure:2583: checking whether make supports nested variables
configure:2600: result: yes
configure:2774: checking for gcc
configure:2790: found /usr/bin/gcc
configure:2801: result: gcc
configure:3030: checking for C compiler version
configure:3039: gcc --version >&5
Apple LLVM version 7.0.2 (clang-700.1.81)
Target: x86_64-apple-darwin15.3.0
Thread model: posix
Configured with: --prefix=/Applications/Xcode.app/Contents/Developer/usr --with-gxx-include-dir=/Applications/Xcode.app/Contents/Developer/Platforms/MacOSX.platform/Developer/SDKs/MacOSX10.11.sdk/usr/include/c++/4.2.1
configure:3050: $? = 0
configure:3039: gcc -v >&5
Configured with: --prefix=/Applications/Xcode.app/Contents/Developer/usr --with-gxx-include-dir=/Applications/Xcode.app/Contents/Developer/Platforms/MacOSX.platform/Developer/SDKs/MacOSX10.11.sdk/usr/include/c++/4.2.1
Apple LLVM version 7.0.2 (clang-700.1.81)
Target: x86_64-apple-darwin15.3.0
Thread model: posix
configure:3050: $? = 0
configure:3039: gcc -V >&5
clang: error: argument to '-V' is missing (expected 1 value)
clang: error: no input files
configure:3050: $? = 1
configure:3039: gcc -qversion >&5
clang: error: unknown argument: '-qversion'
clang: error: no input files
configure:3050: $? = 1
configure:3070: checking whether the C compiler works
configure:3092: gcc    conftest.c  >&5
configure:3096: $? = 0
configure:3144: result: yes
configure:3147: checking for C compiler default output file name
configure:3149: result: a.out
configure:3155: checking for suffix of executables
configure:3162: gcc -o conftest    conftest.c  >&5
configure:3166: $? = 0
configure:3188: result: 
configure:3210: checking whether we are cross compiling
configure:3218: gcc -o conftest    conftest.c  >&5
configure:3222: $? = 0
configure:3229: ./conftest
configure:3233: $? = 0
configure:3248: result: no
configure:3253: checking for suffix of object files
configure:3275: gcc -c   conftest.c >&5
configure:3279: $? = 0
configure:3300: result: o
configure:3304: checking whether we are using the GNU C compiler
configure:3323: gcc -c   conftest.c >&5
configure:3323: $? = 0
configure:3332: result: yes
configure:3341: checking whether gcc accepts -g
configure:3361: gcc -c -g  conftest.c >&5
configure:3361: $? = 0
configure:3402: result: yes
configure:3419: checking for gcc option to accept ISO C89
configure:3482: gcc  -c -g -O2  conftest.c >&5
configure:3482: $? = 0
configure:3495: result: none needed
configure:3520: checking whether gcc understands -c and -o together
configure:3542: gcc -c conftest.c -o conftest2.o
configure:3545: $? = 0
configure:3542: gcc -c conftest.c -o conftest2.o
configure:3545: $? = 0
configure:3557: result: yes
configure:3585: checking for style of include used by make
configure:3613: result: GNU
configure:3639: checking dependency style of gcc
configure:3750: result: gcc3
configure:3912: checking that generated files are newer than configure
configure:3918: result: done
configure:3941: creating ./config.status
configure:5100: checking build system type
configure:5114: result: x86_64-apple-darwin15.3.0
configure:5134: checking host system type
configure:5147: result: x86_64-apple-darwin15.3.0
configure:5188: checking how to print strings
configure:5215: result: printf
configure:5236: checking for a sed that does not truncate output
configure:5300: result: /usr/bin/sed
configure:5318: checking for grep that handles long lines and -e
configure:5376: result: /usr/bin/grep
configure:5381: checking for egrep
configure:5443: result: /usr/bin/grep -E
configure:5448: checking for fgrep
configure:5510: result: /usr/bin/grep -F
configure:5545: checking for ld used by gcc
configure:5612: result: /Applications/Xcode.app/Contents/Developer/Toolchains/XcodeDefault.xctoolchain/usr/bin/ld
configure:5619: checking if the linker (/Applications/Xcode.app/Contents/Developer/Toolchains/XcodeDefault.xctoolchain/usr/bin/ld) is GNU ld
configure:5634: result: no
configure:5646: checking for BSD- or MS-compatible name lister (nm)
configure:5700: result: /usr/bin/nm
configure:5830: checking the name lister (/usr/bin/nm) interface
configure:5837: gcc -c -g -O2  conftest.c >&5
configure:5840: /usr/bin/nm "conftest.o"
configure:5843: output
00000000000001e8 S _some_variable
configure:5850: result: BSD nm
configure:5853: checking whether ln -s works
configure:5857: result: yes
configure:5865: checking the maximum length of command line arguments
configure:5996: result: 196608
configure:6044: checking how to convert x86_64-apple-darwin15.3.0 file names to x86_64-apple-darwin15.3.0 format
configure:6084: result: func_convert_file_noop
configure:6091: checking how to convert x86_64-apple-darwin15.3.0 file names to toolchain format
configure:6111: result: func_convert_file_noop
configure:6118: checking for /Applications/Xcode.app/Contents/Developer/Toolchains/XcodeDefault.xctoolchain/usr/bin/ld option to reload object files
configure:6125: result: -r
configure:6199: checking for objdump
configure:6229: result: no
configure:6258: checking how to recognize dependent libraries
configure:6458: result: pass_all
configure:6543: checking for dlltool
configure:6573: result: no
configure:6603: checking how to associate runtime and link libraries
configure:6630: result: printf %s\n
configure:6691: checking for ar
configure:6707: found /usr/bin/ar
configure:6718: result: ar
configure:6755: checking for archiver @FILE support
configure:6772: gcc -c -g -O2  conftest.c >&5
configure:6772: $? = 0
configure:6775: ar cru libconftest.a @conftest.lst >&5
ar: @conftest.lst: No such file or directory
configure:6778: $? = 1
configure:6798: result: no
configure:6856: checking for strip
configure:6872: found /usr/bin/strip
configure:6883: result: strip
configure:6955: checking for ranlib
configure:6971: found /usr/bin/ranlib
configure:6982: result: ranlib
configure:7084: checking command to parse /usr/bin/nm output from gcc object
configure:7237: gcc -c -g -O2  conftest.c >&5
configure:7240: $? = 0
configure:7244: /usr/bin/nm conftest.o \| sed -n -e 's/^.*[ ]\([BCDEGRST][BCDEGRST]*\)[ ][ ]*\([_A-Za-z][_A-Za-z0-9]*\)$/\1 \2 \2/p' | sed '/ __gnu_lto/d' \> conftest.nm
configure:7247: $? = 0
cannot find nm_test_var in conftest.nm
configure:7237: gcc -c -g -O2  conftest.c >&5
configure:7240: $? = 0
configure:7244: /usr/bin/nm conftest.o \| sed -n -e 's/^.*[ ]\([BCDEGRST][BCDEGRST]*\)[ ][ ]*_\([_A-Za-z][_A-Za-z0-9]*\)$/\1 _\2 \2/p' | sed '/ __gnu_lto/d' \> conftest.nm
configure:7247: $? = 0
configure:7313: gcc -o conftest -g -O2   conftest.c conftstm.o >&5
warning: (x86_64)  could not find object file symbol for symbol _main
configure:7316: $? = 0
configure:7354: result: ok
configure:7401: checking for sysroot
configure:7431: result: no
configure:7438: checking for a working dd
configure:7476: result: /bin/dd
configure:7480: checking how to truncate binary pipes
configure:7495: result: /bin/dd bs=4096 count=1
configure:7824: checking for mt
configure:7854: result: no
configure:7874: checking if : is a manifest tool
configure:7880: : '-?'
configure:7888: result: no
configure:7944: checking for dsymutil
configure:7960: found /usr/bin/dsymutil
configure:7971: result: dsymutil
configure:8036: checking for nmedit
configure:8052: found /usr/bin/nmedit
configure:8063: result: nmedit
configure:8128: checking for lipo
configure:8144: found /usr/bin/lipo
configure:8155: result: lipo
configure:8220: checking for otool
configure:8236: found /usr/bin/otool
configure:8247: result: otool
configure:8312: checking for otool64
configure:8342: result: no
configure:8387: checking for -single_module linker flag
gcc -g -O2  -o libconftest.dylib -dynamiclib -Wl,-single_module conftest.c
configure:8420: result: yes
configure:8423: checking for -exported_symbols_list linker flag
configure:8443: gcc -o conftest -g -O2   -Wl,-exported_symbols_list,conftest.sym conftest.c  >&5
configure:8443: $? = 0
configure:8453: result: yes
configure:8456: checking for -force_load linker flag
gcc -g -O2 -c -o conftest.o conftest.c
ar cru libconftest.a conftest.o
ranlib libconftest.a
gcc -g -O2  -o conftest conftest.c -Wl,-force_load,./libconftest.a
configure:8488: result: yes
configure:8565: checking how to run the C preprocessor
configure:8596: gcc -E  conftest.c
configure:8596: $? = 0
configure:8610: gcc -E  conftest.c
conftest.c:11:10: fatal error: 'ac_nonexistent.h' file not found
#include <ac_nonexistent.h>
         ^
1 error generated.
configure:8610: $? = 1
configure: failed program was:
| /* confdefs.h */
| #define PACKAGE_NAME "hashids.c"
| #define PACKAGE_TARNAME "hashids-c"
| #define PACKAGE_VERSION "1.0"
| #define PACKAGE_STRING "hashids.c 1.0"
| #define PACKAGE_BUGREPORT ""
| #define PACKAGE_URL ""
| #define PACKAGE "hashids-c"
| #define VERSION "1.0"
| /* end confdefs.h.  */
| #include <ac_nonexistent.h>
configure:8635: result: gcc -E
configure:8655: gcc -E  conftest.c
configure:8655: $? = 0
configure:8669: gcc -E  conftest.c
conftest.c:11:10: fatal error: 'ac_nonexistent.h' file not found
#include <ac_nonexistent.h>
         ^
1 error generated.
configure:8669: $? = 1
configure: failed program was:
| /* confdefs.h */
| #define PACKAGE_NAME "hashids.c"
| #define PACKAGE_TARNAME "hashids-c"
| #define PACKAGE_VERSION "1.0"
| #define PACKAGE_STRING "hashids.c 1.0"
| #define PACKAGE_BUGREPORT ""
| #define PACKAGE_URL ""
| #define PACKAGE "hashids-c"
| #define VERSION "1.0"
| /* end confdefs.h.  */
| #include <ac_nonexistent.h>
configure:8698: checking for ANSI C header files
configure:8718: gcc -c -g -O2  conftest.c >&5
configure:8718: $? = 0
configure:8791: gcc -o conftest -g -O2   conftest.c  >&5
configure:8791: $? = 0
configure:8791: ./conftest
configure:8791: $? = 0
configure:8802: result: yes
configure:8815: checking for sys/types.h
configure:8815: gcc -c -g -O2  conftest.c >&5
configure:8815: $? = 0
configure:8815: result: yes
configure:8815: checking for sys/stat.h
configure:8815: gcc -c -g -O2  conftest.c >&5
configure:8815: $? = 0
configure:8815: result: yes
configure:8815: checking for stdlib.h
configure:8815: gcc -c -g -O2  conftest.c >&5
configure:8815: $? = 0
configure:8815: result: yes
configure:8815: checking for string.h
configure:8815: gcc -c -g -O2  conftest.c >&5
configure:8815: $? = 0
configure:8815: result: yes
configure:8815: checking for memory.h
configure:8815: gcc -c -g -O2  conftest.c >&5
configure:8815: $? = 0
configure:8815: result: yes
configure:8815: checking for strings.h
configure:8815: gcc -c -g -O2  conftest.c >&5
configure:8815: $? = 0
configure:8815: result: yes
configure:8815: checking for inttypes.h
configure:8815: gcc -c -g -O2  conftest.c >&5
configure:8815: $? = 0
configure:8815: result: yes
configure:8815: checking for stdint.h
configure:8815: gcc -c -g -O2  conftest.c >&5
configure:8815: $? = 0
configure:8815: result: yes
configure:8815: checking for unistd.h
configure:8815: gcc -c -g -O2  conftest.c >&5
configure:8815: $? = 0
configure:8815: result: yes
configure:8829: checking for dlfcn.h
configure:8829: gcc -c -g -O2  conftest.c >&5
configure:8829: $? = 0
configure:8829: result: yes
configure:9085: checking for objdir
configure:9100: result: .libs
configure:9360: checking if gcc supports -fno-rtti -fno-exceptions
configure:9378: gcc -c -g -O2  -fno-rtti -fno-exceptions conftest.c >&5
configure:9382: $? = 0
configure:9395: result: yes
configure:9753: checking for gcc option to produce PIC
configure:9760: result: -fno-common -DPIC
configure:9768: checking if gcc PIC flag -fno-common -DPIC works
configure:9786: gcc -c -g -O2  -fno-common -DPIC -DPIC conftest.c >&5
configure:9790: $? = 0
configure:9803: result: yes
configure:9832: checking if gcc static flag -static works
configure:9860: result: no
configure:9875: checking if gcc supports -c -o file.o
configure:9896: gcc -c -g -O2  -o out/conftest2.o conftest.c >&5
configure:9900: $? = 0
configure:9922: result: yes
configure:9930: checking if gcc supports -c -o file.o
configure:9977: result: yes
configure:10010: checking whether the gcc linker (/Applications/Xcode.app/Contents/Developer/Toolchains/XcodeDefault.xctoolchain/usr/bin/ld) supports shared libraries
configure:11269: result: yes
configure:11509: checking dynamic linker characteristics
configure:12327: result: darwin15.3.0 dyld
configure:12449: checking how to hardcode library paths into programs
configure:12474: result: immediate
configure:13022: checking whether stripping libraries is possible
configure:13036: result: yes
configure:13062: checking if libtool supports shared libraries
configure:13064: result: yes
configure:13067: checking whether to build shared libraries
configure:13092: result: yes
configure:13095: checking whether to build static libraries
configure:13099: result: yes

## ---------------- ##
## Cache variables. ##
## ---------------- ##

ac_cv_build=x86_64-apple-darwin15.3.0
ac_cv_c_compiler_gnu=yes
ac_cv_env_CC_set=
ac_cv_env_CC_value=
ac_cv_env_CFLAGS_set=
ac_cv_env_CFLAGS_value=
ac_cv_env_CPPFLAGS_set=
ac_cv_env_CPPFLAGS_value=
ac_cv_env_CPP_set=
ac_cv_env_CPP_value=
ac_cv_env_LDFLAGS_set=
ac_cv_env_LDFLAGS_value=
ac_cv_env_LIBS_set=
ac_cv_env_LIBS_value=
ac_cv_env_LT_SYS_LIBRARY_PATH_set=
ac_cv_env_LT_SYS_LIBRARY_PATH_value=
ac_cv_env_build_alias_set=
ac_cv_env_build_alias_value=
ac_cv_env_host_alias_set=
ac_cv_env_host_alias_value=
ac_cv_env_target_alias_set=
ac_cv_env_target_alias_value=
ac_cv_header_dlfcn_h=yes
ac_cv_header_inttypes_h=yes
ac_cv_header_memory_h=yes
ac_cv_header_stdc=yes
ac_cv_header_stdint_h=yes
ac_cv_header_stdlib_h=yes
ac_cv_header_string_h=yes
ac_cv_header_strings_h=yes
ac_cv_header_sys_stat_h=yes
ac_cv_header_sys_types_h=yes
ac_cv_header_unistd_h=yes
ac_cv_host=x86_64-apple-darwin15.3.0
ac_cv_objext=o
ac_cv_path_EGREP='/usr/bin/grep -E'
ac_cv_path_FGREP='/usr/bin/grep -F'
ac_cv_path_GREP=/usr/bin/grep
ac_cv_path_SED=/usr/bin/sed
ac_cv_path_install='/usr/bin/install -c'
ac_cv_path_lt_DD=/bin/dd
ac_cv_prog_AWK=awk
ac_cv_prog_CPP='gcc -E'
ac_cv_prog_ac_ct_AR=ar
ac_cv_prog_ac_ct_CC=gcc
ac_cv_prog_ac_ct_DSYMUTIL=dsymutil
ac_cv_prog_ac_ct_LIPO=lipo
ac_cv_prog_ac_ct_NMEDIT=nmedit
ac_cv_prog_ac_ct_OTOOL=otool
ac_cv_prog_ac_ct_RANLIB=ranlib
ac_cv_prog_ac_ct_STRIP=strip
ac_cv_prog_cc_c89=
ac_cv_prog_cc_g=yes
ac_cv_prog_make_make_set=yes
am_cv_CC_dependencies_compiler_type=gcc3
am_cv_make_support_nested_variables=yes
am_cv_prog_cc_c_o=yes
lt_cv_apple_cc_single_mod=yes
lt_cv_ar_at_file=no
lt_cv_deplibs_check_method=pass_all
lt_cv_file_magic_cmd='$MAGIC_CMD'
lt_cv_file_magic_test_file=
lt_cv_ld_exported_symbols_list=yes
lt_cv_ld_force_load=yes
lt_cv_ld_reload_flag=-r
lt_cv_nm_interface='BSD nm'
lt_cv_objdir=.libs
lt_cv_path_LD=/Applications/Xcode.app/Contents/Developer/Toolchains/XcodeDefault.xctoolchain/usr/bin/ld
lt_cv_path_NM=/usr/bin/nm
lt_cv_path_mainfest_tool=no
lt_cv_prog_compiler_c_o=yes
lt_cv_prog_compiler_pic='-fno-common -DPIC'
lt_cv_prog_compiler_pic_works=yes
lt_cv_prog_compiler_rtti_exceptions=yes
lt_cv_prog_compiler_static_works=no
lt_cv_prog_gnu_ld=no
lt_cv_sharedlib_from_linklib_cmd='printf %s\n'
lt_cv_sys_global_symbol_pipe='sed -n -e '\''s/^.*[	 ]\([BCDEGRST][BCDEGRST]*\)[	 ][	 ]*_\([_A-Za-z][_A-Za-z0-9]*\)$/\1 _\2 \2/p'\'' | sed '\''/ __gnu_lto/d'\'''
lt_cv_sys_global_symbol_to_c_name_address='sed -n -e '\''s/^: \(.*\) .*$/  {"\1", (void *) 0},/p'\'' -e '\''s/^[BCDEGRST][BCDEGRST]* .* \(.*\)$/  {"\1", (void *) \&\1},/p'\'''
lt_cv_sys_global_symbol_to_c_name_address_lib_prefix='sed -n -e '\''s/^: \(.*\) .*$/  {"\1", (void *) 0},/p'\'' -e '\''s/^[BCDEGRST][BCDEGRST]* .* \(lib.*\)$/  {"\1", (void *) \&\1},/p'\'' -e '\''s/^[BCDEGRST][BCDEGRST]* .* \(.*\)$/  {"lib\1", (void *) \&\1},/p'\'''
lt_cv_sys_global_symbol_to_cdecl='sed -n -e '\''s/^T .* \(.*\)$/extern int \1();/p'\'' -e '\''s/^[BCDEGRST][BCDEGRST]* .* \(.*\)$/extern char \1;/p'\'''
lt_cv_sys_global_symbol_to_import=
lt_cv_sys_max_cmd_len=196608
lt_cv_to_host_file_cmd=func_convert_file_noop
lt_cv_to_tool_file_cmd=func_convert_file_noop
lt_cv_truncate_bin='/bin/dd bs=4096 count=1'

## ----------------- ##
## Output variables. ##
## ----------------- ##

ACLOCAL='${SHELL} /Users/amit/work/hashids.c/missing aclocal-1.15'
AMDEPBACKSLASH='\'
AMDEP_FALSE='#'
AMDEP_TRUE=''
AMTAR='$${TAR-tar}'
AM_BACKSLASH='\'
AM_DEFAULT_V='$(AM_DEFAULT_VERBOSITY)'
AM_DEFAULT_VERBOSITY='1'
AM_V='$(V)'
AR='ar'
AUTOCONF='${SHELL} /Users/amit/work/hashids.c/missing autoconf'
AUTOHEADER='${SHELL} /Users/amit/work/hashids.c/missing autoheader'
AUTOMAKE='${SHELL} /Users/amit/work/hashids.c/missing automake-1.15'
AWK='awk'
CC='gcc'
CCDEPMODE='depmode=gcc3'
CFLAGS='-g -O2'
CPP='gcc -E'
CPPFLAGS=''
CYGPATH_W='echo'
DEFS='-DPACKAGE_NAME=\"hashids.c\" -DPACKAGE_TARNAME=\"hashids-c\" -DPACKAGE_VERSION=\"1.0\" -DPACKAGE_STRING=\"hashids.c\ 1.0\" -DPACKAGE_BUGREPORT=\"\" -DPACKAGE_URL=\"\" -DPACKAGE=\"hashids-c\" -DVERSION=\"1.0\"'
DEPDIR='.deps'
DLLTOOL='false'
DSYMUTIL='dsymutil'
DUMPBIN=''
ECHO_C='\c'
ECHO_N=''
ECHO_T=''
EGREP='/usr/bin/grep -E'
EXEEXT=''
FGREP='/usr/bin/grep -F'
GREP='/usr/bin/grep'
INSTALL_DATA='${INSTALL} -m 644'
INSTALL_PROGRAM='${INSTALL}'
INSTALL_SCRIPT='${INSTALL}'
INSTALL_STRIP_PROGRAM='$(install_sh) -c -s'
LD='/Applications/Xcode.app/Contents/Developer/Toolchains/XcodeDefault.xctoolchain/usr/bin/ld'
LDFLAGS=''
LIBOBJS=''
LIBS=''
LIBTOOL='$(SHELL) $(top_builddir)/libtool'
LIPO='lipo'
LN_S='ln -s'
LTLIBOBJS=''
LT_SYS_LIBRARY_PATH=''
MAKEINFO='${SHELL} /Users/amit/work/hashids.c/missing makeinfo'
MANIFEST_TOOL=':'
MKDIR_P='./install-sh -c -d'
NM='/usr/bin/nm'
NMEDIT='nmedit'
OBJDUMP='false'
OBJEXT='o'
OTOOL64=':'
OTOOL='otool'
PACKAGE='hashids-c'
PACKAGE_BUGREPORT=''
PACKAGE_NAME='hashids.c'
PACKAGE_STRING='hashids.c 1.0'
PACKAGE_TARNAME='hashids-c'
PACKAGE_URL=''
PACKAGE_VERSION='1.0'
PATH_SEPARATOR=':'
RANLIB='ranlib'
SED='/usr/bin/sed'
SET_MAKE=''
SHELL='/bin/sh'
STRIP='strip'
VERSION='1.0'
ac_ct_AR='ar'
ac_ct_CC='gcc'
ac_ct_DUMPBIN=''
am__EXEEXT_FALSE=''
am__EXEEXT_TRUE='#'
am__fastdepCC_FALSE='#'
am__fastdepCC_TRUE=''
am__include='include'
am__isrc=''
am__leading_dot='.'
am__nodep='_no'
am__quote=''
am__tar='$${TAR-tar} chof - "$$tardir"'
am__untar='$${TAR-tar} xf -'
bindir='${exec_prefix}/bin'
build='x86_64-apple-darwin15.3.0'
build_alias=''
build_cpu='x86_64'
build_os='darwin15.3.0'
build_vendor='apple'
datadir='${datarootdir}'
datarootdir='${prefix}/share'
docdir='${datarootdir}/doc/${PACKAGE_TARNAME}'
dvidir='${docdir}'
exec_prefix='${prefix}'
host='x86_64-apple-darwin15.3.0'
host_alias=''
host_cpu='x86_64'
host_os='darwin15.3.0'
host_vendor='apple'
htmldir='${docdir}'
includedir='${prefix}/include'
infodir='${datarootdir}/info'
install_sh='${SHELL} /Users/amit/work/hashids.c/install-sh'
libdir='${exec_prefix}/lib'
libexecdir='${exec_prefix}/libexec'
localedir='${datarootdir}/locale'
localstatedir='${prefix}/var'
mandir='${datarootdir}/man'
mkdir_p='$(MKDIR_P)'
oldincludedir='/usr/include'
pdfdir='${docdir}'
prefix='/usr/local'
program_transform_name='s,x,x,'
psdir='${docdir}'
sbindir='${exec_prefix}/sbin'
sharedstatedir='${prefix}/com'
sysconfdir='${prefix}/etc'
target_alias=''

## ----------- ##
## confdefs.h. ##
## ----------- ##

/* confdefs.h */
#define PACKAGE_NAME "hashids.c"
#define PACKAGE_TARNAME "hashids-c"
#define PACKAGE_VERSION "1.0"
#define PACKAGE_STRING "hashids.c 1.0"
#define PACKAGE_BUGREPORT ""
#define PACKAGE_URL ""
#define PACKAGE "hashids-c"
#define VERSION "1.0"
#define STDC_HEADERS 1
#define HAVE_SYS_TYPES_H 1
#define HAVE_SYS_STAT_H 1
#define HAVE_STDLIB_H 1
#define HAVE_STRING_H 1
#define HAVE_MEMORY_H 1
#define HAVE_STRINGS_H 1
#define HAVE_INTTYPES_H 1
#define HAVE_STDINT_H 1
#define HAVE_UNISTD_H 1
#define HAVE_DLFCN_H 1
#define LT_OBJDIR ".libs/"

configure: exit 0

## ---------------------- ##
## Running config.status. ##
## ---------------------- ##

This file was extended by hashids.c config.status 1.0, which was
generated by GNU Autoconf 2.69.  Invocation command line was

  CONFIG_FILES    = 
  CONFIG_HEADERS  = 
  CONFIG_LINKS    = 
  CONFIG_COMMANDS = 
  $ ./config.status 

on yosemite.local

config.status:803: creating Makefile
config.status:975: executing depfiles commands
